app/build/intermediates/manifest_merge_blame_file/debug/manifest-merger-blame-debug-report.txt
1<?xml version="1.0" encoding="utf-8"?>
2<manifest xmlns:android="http://schemas.android.com/apk/res/android"
3    package="com.alumni.connect"
4    android:versionCode="1"
5    android:versionName="1.0.0" >
6
7    <uses-sdk
8        android:minSdkVersion="24"
9        android:targetSdkVersion="34" />
10
11    <uses-permission android:name="android.permission.INTERNET" />
11-->src\main\AndroidManifest.xml:4:5-67
11-->src\main\AndroidManifest.xml:4:22-64
12    <uses-permission android:name="android.permission.ACCESS_NETWORK_STATE" />
12-->src\main\AndroidManifest.xml:5:5-79
12-->src\main\AndroidManifest.xml:5:22-76
13
14    <application
14-->src\main\AndroidManifest.xml:7:5-39:19
15        android:allowBackup="true"
15-->src\main\AndroidManifest.xml:8:9-35
16        android:appComponentFactory="androidx.core.app.CoreComponentFactory"
16-->[androidx.core:core:1.5.0] AndroidManifest.xml:24:18-86
17        android:debuggable="true"
18        android:extractNativeLibs="false"
19        android:icon="@mipmap/ic_launcher"
19-->src\main\AndroidManifest.xml:9:9-43
20        android:label="@string/app_name"
20-->src\main\AndroidManifest.xml:10:9-41
21        android:roundIcon="@mipmap/ic_launcher_round"
21-->src\main\AndroidManifest.xml:11:9-54
22        android:supportsRtl="true"
22-->src\main\AndroidManifest.xml:12:9-35
23        android:testOnly="true"
24        android:theme="@style/Theme.AlumniConnect"
24-->src\main\AndroidManifest.xml:14:9-51
25        android:usesCleartextTraffic="true" >
25-->src\main\AndroidManifest.xml:13:9-44
26        <activity
26-->src\main\AndroidManifest.xml:16:9-25:20
27            android:name="com.alumni.connect.ui.auth.SplashActivity"
27-->src\main\AndroidManifest.xml:17:13-51
28            android:exported="true"
28-->src\main\AndroidManifest.xml:18:13-36
29            android:screenOrientation="portrait"
29-->src\main\AndroidManifest.xml:19:13-49
30            android:theme="@style/Theme.AlumniConnect" >
30-->src\main\AndroidManifest.xml:20:13-55
31            <intent-filter>
31-->src\main\AndroidManifest.xml:21:13-24:29
32                <action android:name="android.intent.action.MAIN" />
32-->src\main\AndroidManifest.xml:22:17-69
32-->src\main\AndroidManifest.xml:22:25-66
33
34                <category android:name="android.intent.category.LAUNCHER" />
34-->src\main\AndroidManifest.xml:23:17-77
34-->src\main\AndroidManifest.xml:23:27-74
35            </intent-filter>
36        </activity>
37        <activity
37-->src\main\AndroidManifest.xml:27:9-31:58
38            android:name="com.alumni.connect.ui.auth.AuthActivity"
38-->src\main\AndroidManifest.xml:28:13-49
39            android:exported="false"
39-->src\main\AndroidManifest.xml:29:13-37
40            android:screenOrientation="portrait"
40-->src\main\AndroidManifest.xml:30:13-49
41            android:windowSoftInputMode="adjustResize" />
41-->src\main\AndroidManifest.xml:31:13-55
42        <activity
42-->src\main\AndroidManifest.xml:33:9-37:58
43            android:name="com.alumni.connect.ui.main.MainActivity"
43-->src\main\AndroidManifest.xml:34:13-49
44            android:exported="false"
44-->src\main\AndroidManifest.xml:35:13-37
45            android:screenOrientation="portrait"
45-->src\main\AndroidManifest.xml:36:13-49
46            android:windowSoftInputMode="adjustResize" />
46-->src\main\AndroidManifest.xml:37:13-55
47    </application>
48
49</manifest>